生成启动时间为 2018/11/15 22:57:31。
     1>项目“F:\代码\复习\C++\CGameApp\CGameApp\CGameApp.vcxproj”在节点 2 上(Build 个目标)。
     1>ClCompile:
         C:\Program Files (x86)\Microsoft Visual Studio 11.0\VC\bin\CL.exe /c /ZI /nologo /W3 /WX- /Od /Oy- /D WIN32 /D _DEBUG /D _WINDOWS /D _MBCS /Gm /EHsc /RTC1 /MDd /GS /fp:precise /Zc:wchar_t /Zc:forScope /Fo"Debug\\" /Fd"Debug\vc110.pdb" /Gd /TP /analyze- /errorReport:prompt PlaneApp.cpp
         PlaneApp.cpp
       Link:
         C:\Program Files (x86)\Microsoft Visual Studio 11.0\VC\bin\link.exe /ERRORREPORT:PROMPT /OUT:"F:\代码\复习\C++\CGameApp\Debug\CGameApp.exe" /INCREMENTAL /NOLOGO kernel32.lib user32.lib gdi32.lib winspool.lib comdlg32.lib advapi32.lib shell32.lib ole32.lib oleaut32.lib uuid.lib odbc32.lib odbccp32.lib /MANIFEST /MANIFESTUAC:"level='asInvoker' uiAccess='false'" /manifest:embed /DEBUG /PDB:"F:\代码\复习\C++\CGameApp\Debug\CGameApp.pdb" /SUBSYSTEM:WINDOWS /TLBID:1 /DYNAMICBASE /NXCOMPAT /IMPLIB:"F:\代码\复习\C++\CGameApp\Debug\CGameApp.lib" /MACHINE:X86 Debug\CGameApp.res
         Debug\Back.obj
         Debug\BigPlane.obj
         Debug\BoomEmenyPlane.obj
         Debug\Bullet.obj
         Debug\BulletManger.obj
         Debug\EmenyManger.obj
         Debug\EmenyPlane.obj
         Debug\MiddlePlane.obj
         Debug\PlaneApp.obj
         Debug\Player.obj
         Debug\SmallPlane.obj
         Debug\WinMain.obj
         CGameApp.vcxproj -> F:\代码\复习\C++\CGameApp\Debug\CGameApp.exe
     1>已完成生成项目“F:\代码\复习\C++\CGameApp\CGameApp\CGameApp.vcxproj”(Build 个目标)的操作。

生成成功。

已用时间 00:00:02.49
