F:\代码\复习\C++\CGAMEAPP\CGAMEAPP\DEBUG\BACK.OBJ
F:\代码\复习\C++\CGAMEAPP\CGAMEAPP\DEBUG\BIGPLANE.OBJ
F:\代码\复习\C++\CGAMEAPP\CGAMEAPP\DEBUG\BULLET.OBJ
F:\代码\复习\C++\CGAMEAPP\CGAMEAPP\DEBUG\BULLETMANGER.OBJ
F:\代码\复习\C++\CGAMEAPP\CGAMEAPP\DEBUG\EMENYMANGER.OBJ
F:\代码\复习\C++\CGAMEAPP\CGAMEAPP\DEBUG\EMENYPLANE.OBJ
F:\代码\复习\C++\CGAMEAPP\CGAMEAPP\DEBUG\MIDDLEPLANE.OBJ
F:\代码\复习\C++\CGAMEAPP\CGAMEAPP\DEBUG\PLAYER.OBJ
F:\代码\复习\C++\CGAMEAPP\CGAMEAPP\DEBUG\SMALLPLANE.OBJ
F:\代码\复习\C++\CGAMEAPP\CGAMEAPP\DEBUG\WINMAIN.OBJ
F:\代码\复习\C++\CGAMEAPP\CGAMEAPP\DEBUG\VC110.PDB
F:\代码\复习\C++\CGAMEAPP\CGAMEAPP\DEBUG\PLANEAPP.OBJ
F:\代码\复习\C++\CGAMEAPP\CGAMEAPP\DEBUG\BOOMEMENYPLANE.OBJ
F:\代码\复习\C++\CGAMEAPP\DEBUG\CGAMEAPP.ILK
F:\代码\复习\C++\CGAMEAPP\DEBUG\CGAMEAPP.EXE
F:\代码\复习\C++\CGAMEAPP\DEBUG\CGAMEAPP.PDB
F:\代码\复习\C++\CGAMEAPP\CGAMEAPP\DEBUG\CGAMEAPP.RES
F:\代码\复习\C++\CGameApp\CGameApp\Debug\Back.obj
F:\代码\复习\C++\CGameApp\CGameApp\Debug\BigPlane.obj
F:\代码\复习\C++\CGameApp\CGameApp\Debug\BoomEmenyPlane.obj
F:\代码\复习\C++\CGameApp\CGameApp\Debug\Bullet.obj
F:\代码\复习\C++\CGameApp\CGameApp\Debug\BulletManger.obj
F:\代码\复习\C++\CGameApp\CGameApp\Debug\EmenyManger.obj
F:\代码\复习\C++\CGameApp\CGameApp\Debug\EmenyPlane.obj
F:\代码\复习\C++\CGameApp\CGameApp\Debug\MiddlePlane.obj
F:\代码\复习\C++\CGameApp\CGameApp\Debug\PlaneApp.obj
F:\代码\复习\C++\CGameApp\CGameApp\Debug\Player.obj
F:\代码\复习\C++\CGameApp\CGameApp\Debug\SmallPlane.obj
F:\代码\复习\C++\CGameApp\CGameApp\Debug\WinMain.obj
F:\代码\复习\C++\CGameApp\CGameApp\Debug\cl.command.1.tlog
F:\代码\复习\C++\CGameApp\CGameApp\Debug\CL.read.1.tlog
F:\代码\复习\C++\CGameApp\CGameApp\Debug\CL.write.1.tlog
F:\代码\复习\C++\CGameApp\CGameApp\Debug\link-cvtres.read.1.tlog
F:\代码\复习\C++\CGameApp\CGameApp\Debug\link-cvtres.write.1.tlog
F:\代码\复习\C++\CGameApp\CGameApp\Debug\link-rc.read.1.tlog
F:\代码\复习\C++\CGameApp\CGameApp\Debug\link-rc.write.1.tlog
F:\代码\复习\C++\CGameApp\CGameApp\Debug\link.14588-cvtres.read.1.tlog
F:\代码\复习\C++\CGameApp\CGameApp\Debug\link.14588-cvtres.write.1.tlog
F:\代码\复习\C++\CGameApp\CGameApp\Debug\link.14588-rc.read.1.tlog
F:\代码\复习\C++\CGameApp\CGameApp\Debug\link.14588-rc.write.1.tlog
F:\代码\复习\C++\CGameApp\CGameApp\Debug\link.14588.read.1.tlog
F:\代码\复习\C++\CGameApp\CGameApp\Debug\link.14588.write.1.tlog
F:\代码\复习\C++\CGameApp\CGameApp\Debug\link.command.1.tlog
F:\代码\复习\C++\CGameApp\CGameApp\Debug\link.read.1.tlog
F:\代码\复习\C++\CGameApp\CGameApp\Debug\link.write.1.tlog
F:\代码\复习\C++\CGameApp\CGameApp\Debug\rc.command.1.tlog
F:\代码\复习\C++\CGameApp\CGameApp\Debug\rc.read.1.tlog
F:\代码\复习\C++\CGameApp\CGameApp\Debug\rc.write.1.tlog
F:\代码\复习\C++\CGameApp\CGameApp\Debug\CGameApp.res
F:\代码\复习\C++\CGameApp\CGameApp\Debug\vc110.idb
F:\代码\复习\C++\CGameApp\CGameApp\Debug\vc110.pdb
F:\代码\复习\C++\CGameApp\Debug\CGameApp.pdb
F:\代码\复习\C++\CGameApp\Debug\CGameApp.exe
F:\代码\复习\C++\CGameApp\Debug\CGameApp.ilk
